# JRE version: Java(TM) SE Runtime Environment (8.0_102-b14) (build 1.8.0_102-b14)
# Java VM: Java HotSpot(TM) 64-Bit Server VM (25.102-b14 mixed mode windows-amd64 compressed oops)
Heap:
 PSYoungGen      total 303104K, used 177235K [0x00000000e0000000, 0x00000000f4c00000, 0x0000000100000000)
  eden space 280576K, 56% used [0x00000000e0000000,0x00000000e9994ce8,0x00000000f1200000)
  from space 22528K, 88% used [0x00000000f3600000,0x00000000f497ff80,0x00000000f4c00000)
  to   space 29696K, 0% used [0x00000000f1200000,0x00000000f1200000,0x00000000f2f00000)
 ParOldGen       total 347136K, used 43632K [0x00000000a0000000, 0x00000000b5300000, 0x00000000e0000000)
  object space 347136K, 12% used [0x00000000a0000000,0x00000000a2a9c1b8,0x00000000b5300000)
 Metaspace       used 64366K, capacity 66670K, committed 66776K, reserved 1107968K
  class space    used 8658K, capacity 9162K, committed 9176K, reserved 1048576K
GC Heap History (10 events):
Event: 11.241 GC heap before
{Heap before GC invocations=12 (full 3):
 PSYoungGen      total 203776K, used 24791K [0x00000000e0000000, 0x00000000f1d00000, 0x0000000100000000)
  eden space 178688K, 0% used [0x00000000e0000000,0x00000000e0000000,0x00000000eae80000)
  from space 25088K, 98% used [0x00000000eae80000,0x00000000ec6b5d10,0x00000000ec700000)
  to   space 28672K, 0% used [0x00000000f0100000,0x00000000f0100000,0x00000000f1d00000)
 ParOldGen       total 240640K, used 33708K [0x00000000a0000000, 0x00000000aeb00000, 0x00000000e0000000)
  object space 240640K, 14% used [0x00000000a0000000,0x00000000a20eb330,0x00000000aeb00000)
 Metaspace       used 57219K, capacity 58988K, committed 59096K, reserved 1099776K
  class space    used 7896K, capacity 8340K, committed 8408K, reserved 1048576K
Event: 11.497 GC heap after
Heap after GC invocations=12 (full 3):
 PSYoungGen      total 203776K, used 0K [0x00000000e0000000, 0x00000000f1d00000, 0x0000000100000000)
  eden space 178688K, 0% used [0x00000000e0000000,0x00000000e0000000,0x00000000eae80000)
  from space 25088K, 0% used [0x00000000eae80000,0x00000000eae80000,0x00000000ec700000)
  to   space 28672K, 0% used [0x00000000f0100000,0x00000000f0100000,0x00000000f1d00000)
 ParOldGen       total 347136K, used 48619K [0x00000000a0000000, 0x00000000b5300000, 0x00000000e0000000)
  object space 347136K, 14% used [0x00000000a0000000,0x00000000a2f7af80,0x00000000b5300000)
 Metaspace       used 57219K, capacity 58988K, committed 59096K, reserved 1099776K
  class space    used 7896K, capacity 8340K, committed 8408K, reserved 1048576K
}
Event: 11.633 GC heap before
{Heap before GC invocations=13 (full 3):
 PSYoungGen      total 203776K, used 14251K [0x00000000e0000000, 0x00000000f1d00000, 0x0000000100000000)
  eden space 178688K, 7% used [0x00000000e0000000,0x00000000e0deae70,0x00000000eae80000)
  from space 25088K, 0% used [0x00000000eae80000,0x00000000eae80000,0x00000000ec700000)
  to   space 28672K, 0% used [0x00000000f0100000,0x00000000f0100000,0x00000000f1d00000)
 ParOldGen       total 347136K, used 48619K [0x00000000a0000000, 0x00000000b5300000, 0x00000000e0000000)
  object space 347136K, 14% used [0x00000000a0000000,0x00000000a2f7af80,0x00000000b5300000)
 Metaspace       used 57771K, capacity 59854K, committed 59992K, reserved 1101824K
  class space    used 7977K, capacity 8460K, committed 8536K, reserved 1048576K
Event: 11.636 GC heap after
Heap after GC invocations=13 (full 3):
 PSYoungGen      total 257024K, used 1164K [0x00000000e0000000, 0x00000000f1a80000, 0x0000000100000000)
  eden space 230912K, 0% used [0x00000000e0000000,0x00000000e0000000,0x00000000ee180000)
  from space 26112K, 4% used [0x00000000f0100000,0x00000000f0223370,0x00000000f1a80000)
  to   space 29184K, 0% used [0x00000000ee180000,0x00000000ee180000,0x00000000efe00000)
 ParOldGen       total 347136K, used 48627K [0x00000000a0000000, 0x00000000b5300000, 0x00000000e0000000)
  object space 347136K, 14% used [0x00000000a0000000,0x00000000a2f7cf80,0x00000000b5300000)
 Metaspace       used 57771K, capacity 59854K, committed 59992K, reserved 1101824K
  class space    used 7977K, capacity 8460K, committed 8536K, reserved 1048576K
}
Event: 11.636 GC heap before
{Heap before GC invocations=14 (full 4):
 PSYoungGen      total 257024K, used 1164K [0x00000000e0000000, 0x00000000f1a80000, 0x0000000100000000)
  eden space 230912K, 0% used [0x00000000e0000000,0x00000000e0000000,0x00000000ee180000)
  from space 26112K, 4% used [0x00000000f0100000,0x00000000f0223370,0x00000000f1a80000)
  to   space 29184K, 0% used [0x00000000ee180000,0x00000000ee180000,0x00000000efe00000)
 ParOldGen       total 347136K, used 48627K [0x00000000a0000000, 0x00000000b5300000, 0x00000000e0000000)
  object space 347136K, 14% used [0x00000000a0000000,0x00000000a2f7cf80,0x00000000b5300000)
 Metaspace       used 57771K, capacity 59854K, committed 59992K, reserved 1101824K
  class space    used 7977K, capacity 8460K, committed 8536K, reserved 1048576K
Event: 11.864 GC heap after
Heap after GC invocations=14 (full 4):
 PSYoungGen      total 257024K, used 0K [0x00000000e0000000, 0x00000000f1a80000, 0x0000000100000000)
  eden space 230912K, 0% used [0x00000000e0000000,0x00000000e0000000,0x00000000ee180000)
  from space 26112K, 0% used [0x00000000f0100000,0x00000000f0100000,0x00000000f1a80000)
  to   space 29184K, 0% used [0x00000000ee180000,0x00000000ee180000,0x00000000efe00000)
 ParOldGen       total 347136K, used 43624K [0x00000000a0000000, 0x00000000b5300000, 0x00000000e0000000)
  object space 347136K, 12% used [0x00000000a0000000,0x00000000a2a9a1b8,0x00000000b5300000)
 Metaspace       used 57771K, capacity 59854K, committed 59992K, reserved 1101824K
  class space    used 7977K, capacity 8460K, committed 8536K, reserved 1048576K
}
Event: 26.379 GC heap before
{Heap before GC invocations=15 (full 4):
 PSYoungGen      total 257024K, used 230912K [0x00000000e0000000, 0x00000000f1a80000, 0x0000000100000000)
  eden space 230912K, 100% used [0x00000000e0000000,0x00000000ee180000,0x00000000ee180000)
  from space 26112K, 0% used [0x00000000f0100000,0x00000000f0100000,0x00000000f1a80000)
  to   space 29184K, 0% used [0x00000000ee180000,0x00000000ee180000,0x00000000efe00000)
 ParOldGen       total 347136K, used 43624K [0x00000000a0000000, 0x00000000b5300000, 0x00000000e0000000)
  object space 347136K, 12% used [0x00000000a0000000,0x00000000a2a9a1b8,0x00000000b5300000)
 Metaspace       used 62334K, capacity 64484K, committed 64856K, reserved 1105920K
  class space    used 8433K, capacity 8929K, committed 9048K, reserved 1048576K
Event: 26.400 GC heap after
Heap after GC invocations=15 (full 4):
 PSYoungGen      total 260096K, used 15639K [0x00000000e0000000, 0x00000000f5200000, 0x0000000100000000)
  eden space 230912K, 0% used [0x00000000e0000000,0x00000000e0000000,0x00000000ee180000)
  from space 29184K, 53% used [0x00000000ee180000,0x00000000ef0c5c08,0x00000000efe00000)
  to   space 28672K, 0% used [0x00000000f3600000,0x00000000f3600000,0x00000000f5200000)
 ParOldGen       total 347136K, used 43632K [0x00000000a0000000, 0x00000000b5300000, 0x00000000e0000000)
  object space 347136K, 12% used [0x00000000a0000000,0x00000000a2a9c1b8,0x00000000b5300000)
 Metaspace       used 62334K, capacity 64484K, committed 64856K, reserved 1105920K
  class space    used 8433K, capacity 8929K, committed 9048K, reserved 1048576K
}
Event: 37.390 GC heap before
{Heap before GC invocations=16 (full 4):
 PSYoungGen      total 260096K, used 246551K [0x00000000e0000000, 0x00000000f5200000, 0x0000000100000000)
  eden space 230912K, 100% used [0x00000000e0000000,0x00000000ee180000,0x00000000ee180000)
  from space 29184K, 53% used [0x00000000ee180000,0x00000000ef0c5c08,0x00000000efe00000)
  to   space 28672K, 0% used [0x00000000f3600000,0x00000000f3600000,0x00000000f5200000)
 ParOldGen       total 347136K, used 43632K [0x00000000a0000000, 0x00000000b5300000, 0x00000000e0000000)
  object space 347136K, 12% used [0x00000000a0000000,0x00000000a2a9c1b8,0x00000000b5300000)
 Metaspace       used 64044K, capacity 66240K, committed 66520K, reserved 1105920K
  class space    used 8632K, capacity 9129K, committed 9176K, reserved 1048576K
Event: 37.416 GC heap after
Heap after GC invocations=16 (full 4):
 PSYoungGen      total 303104K, used 19967K [0x00000000e0000000, 0x00000000f4c00000, 0x0000000100000000)
  eden space 280576K, 0% used [0x00000000e0000000,0x00000000e0000000,0x00000000f1200000)
  from space 22528K, 88% used [0x00000000f3600000,0x00000000f497ff80,0x00000000f4c00000)
  to   space 29696K, 0% used [0x00000000f1200000,0x00000000f1200000,0x00000000f2f00000)
 ParOldGen       total 347136K, used 43632K [0x00000000a0000000, 0x00000000b5300000, 0x00000000e0000000)
  object space 347136K, 12% used [0x00000000a0000000,0x00000000a2a9c1b8,0x00000000b5300000)
 Metaspace       used 64044K, capacity 66240K, committed 66520K, reserved 1105920K
  class space    used 8632K, capacity 9129K, committed 9176K, reserved 1048576K
}

